# JRE version: Java(TM) SE Runtime Environment (8.0_201-b09) (build 1.8.0_201-b09)
# Java VM: Java HotSpot(TM) 64-Bit Server VM (25.201-b09 mixed mode windows-amd64 compressed oops)
Heap:
 PSYoungGen      total 302080K, used 122704K [0x000000076b180000, 0x000000077e600000, 0x00000007c0000000)
  eden space 288256K, 42% used [0x000000076b180000,0x00000007729540e8,0x000000077cb00000)
  from space 13824K, 0% used [0x000000077cb00000,0x000000077cb00000,0x000000077d880000)
  to   space 13824K, 0% used [0x000000077d880000,0x000000077d880000,0x000000077e600000)
 ParOldGen       total 163328K, used 17823K [0x00000006c1400000, 0x00000006cb380000, 0x000000076b180000)
  object space 163328K, 10% used [0x00000006c1400000,0x00000006c2567fd8,0x00000006cb380000)
 Metaspace       used 43398K, capacity 46104K, committed 46208K, reserved 1089536K
  class space    used 5385K, capacity 6002K, committed 6016K, reserved 1048576K
GC Heap History (10 events):
Event: 600.435 GC heap before
{Heap before GC invocations=21 (full 8):
 PSYoungGen      total 291840K, used 3136K [0x000000076b180000, 0x000000077e600000, 0x00000007c0000000)
  eden space 288256K, 0% used [0x000000076b180000,0x000000076b180000,0x000000077cb00000)
  from space 3584K, 87% used [0x000000077cb00000,0x000000077ce10328,0x000000077ce80000)
  to   space 13824K, 0% used [0x000000077d880000,0x000000077d880000,0x000000077e600000)
 ParOldGen       total 163328K, used 22273K [0x00000006c1400000, 0x00000006cb380000, 0x000000076b180000)
  object space 163328K, 13% used [0x00000006c1400000,0x00000006c29c0650,0x00000006cb380000)
 Metaspace       used 42738K, capacity 45258K, committed 45312K, reserved 1089536K
  class space    used 5327K, capacity 5861K, committed 5888K, reserved 1048576K
Event: 600.623 GC heap after
Heap after GC invocations=21 (full 8):
 PSYoungGen      total 291840K, used 0K [0x000000076b180000, 0x000000077e600000, 0x00000007c0000000)
  eden space 288256K, 0% used [0x000000076b180000,0x000000076b180000,0x000000077cb00000)
  from space 3584K, 0% used [0x000000077cb00000,0x000000077cb00000,0x000000077ce80000)
  to   space 13824K, 0% used [0x000000077d880000,0x000000077d880000,0x000000077e600000)
 ParOldGen       total 163328K, used 24050K [0x00000006c1400000, 0x00000006cb380000, 0x000000076b180000)
  object space 163328K, 14% used [0x00000006c1400000,0x00000006c2b7c890,0x00000006cb380000)
 Metaspace       used 42738K, capacity 45258K, committed 45312K, reserved 1089536K
  class space    used 5327K, capacity 5861K, committed 5888K, reserved 1048576K
}
Event: 682.637 GC heap before
{Heap before GC invocations=22 (full 8):
 PSYoungGen      total 291840K, used 114498K [0x000000076b180000, 0x000000077e600000, 0x00000007c0000000)
  eden space 288256K, 39% used [0x000000076b180000,0x0000000772150b40,0x000000077cb00000)
  from space 3584K, 0% used [0x000000077cb00000,0x000000077cb00000,0x000000077ce80000)
  to   space 13824K, 0% used [0x000000077d880000,0x000000077d880000,0x000000077e600000)
 ParOldGen       total 163328K, used 24050K [0x00000006c1400000, 0x00000006cb380000, 0x000000076b180000)
  object space 163328K, 14% used [0x00000006c1400000,0x00000006c2b7c890,0x00000006cb380000)
 Metaspace       used 42914K, capacity 45480K, committed 45696K, reserved 1089536K
  class space    used 5343K, capacity 5905K, committed 6016K, reserved 1048576K
Event: 682.641 GC heap after
Heap after GC invocations=22 (full 8):
 PSYoungGen      total 302080K, used 2768K [0x000000076b180000, 0x000000077e600000, 0x00000007c0000000)
  eden space 288256K, 0% used [0x000000076b180000,0x000000076b180000,0x000000077cb00000)
  from space 13824K, 20% used [0x000000077d880000,0x000000077db342f8,0x000000077e600000)
  to   space 13824K, 0% used [0x000000077cb00000,0x000000077cb00000,0x000000077d880000)
 ParOldGen       total 163328K, used 24058K [0x00000006c1400000, 0x00000006cb380000, 0x000000076b180000)
  object space 163328K, 14% used [0x00000006c1400000,0x00000006c2b7e890,0x00000006cb380000)
 Metaspace       used 42914K, capacity 45480K, committed 45696K, reserved 1089536K
  class space    used 5343K, capacity 5905K, committed 6016K, reserved 1048576K
}
Event: 682.641 GC heap before
{Heap before GC invocations=23 (full 9):
 PSYoungGen      total 302080K, used 2768K [0x000000076b180000, 0x000000077e600000, 0x00000007c0000000)
  eden space 288256K, 0% used [0x000000076b180000,0x000000076b180000,0x000000077cb00000)
  from space 13824K, 20% used [0x000000077d880000,0x000000077db342f8,0x000000077e600000)
  to   space 13824K, 0% used [0x000000077cb00000,0x000000077cb00000,0x000000077d880000)
 ParOldGen       total 163328K, used 24058K [0x00000006c1400000, 0x00000006cb380000, 0x000000076b180000)
  object space 163328K, 14% used [0x00000006c1400000,0x00000006c2b7e890,0x00000006cb380000)
 Metaspace       used 42914K, capacity 45480K, committed 45696K, reserved 1089536K
  class space    used 5343K, capacity 5905K, committed 6016K, reserved 1048576K
Event: 682.813 GC heap after
Heap after GC invocations=23 (full 9):
 PSYoungGen      total 302080K, used 0K [0x000000076b180000, 0x000000077e600000, 0x00000007c0000000)
  eden space 288256K, 0% used [0x000000076b180000,0x000000076b180000,0x000000077cb00000)
  from space 13824K, 0% used [0x000000077d880000,0x000000077d880000,0x000000077e600000)
  to   space 13824K, 0% used [0x000000077cb00000,0x000000077cb00000,0x000000077d880000)
 ParOldGen       total 163328K, used 25284K [0x00000006c1400000, 0x00000006cb380000, 0x000000076b180000)
  object space 163328K, 15% used [0x00000006c1400000,0x00000006c2cb1218,0x00000006cb380000)
 Metaspace       used 42914K, capacity 45480K, committed 45696K, reserved 1089536K
  class space    used 5343K, capacity 5905K, committed 6016K, reserved 1048576K
}
Event: 699.765 GC heap before
{Heap before GC invocations=24 (full 9):
 PSYoungGen      total 302080K, used 112656K [0x000000076b180000, 0x000000077e600000, 0x00000007c0000000)
  eden space 288256K, 39% used [0x000000076b180000,0x0000000771f84310,0x000000077cb00000)
  from space 13824K, 0% used [0x000000077d880000,0x000000077d880000,0x000000077e600000)
  to   space 13824K, 0% used [0x000000077cb00000,0x000000077cb00000,0x000000077d880000)
 ParOldGen       total 163328K, used 25284K [0x00000006c1400000, 0x00000006cb380000, 0x000000076b180000)
  object space 163328K, 15% used [0x00000006c1400000,0x00000006c2cb1218,0x00000006cb380000)
 Metaspace       used 43215K, capacity 45880K, committed 45952K, reserved 1089536K
  class space    used 5367K, capacity 5970K, committed 6016K, reserved 1048576K
Event: 699.769 GC heap after
Heap after GC invocations=24 (full 9):
 PSYoungGen      total 302080K, used 2779K [0x000000076b180000, 0x000000077e600000, 0x00000007c0000000)
  eden space 288256K, 0% used [0x000000076b180000,0x000000076b180000,0x000000077cb00000)
  from space 13824K, 20% used [0x000000077cb00000,0x000000077cdb6d70,0x000000077d880000)
  to   space 13824K, 0% used [0x000000077d880000,0x000000077d880000,0x000000077e600000)
 ParOldGen       total 163328K, used 25292K [0x00000006c1400000, 0x00000006cb380000, 0x000000076b180000)
  object space 163328K, 15% used [0x00000006c1400000,0x00000006c2cb3218,0x00000006cb380000)
 Metaspace       used 43215K, capacity 45880K, committed 45952K, reserved 1089536K
  class space    used 5367K, capacity 5970K, committed 6016K, reserved 1048576K
}
Event: 699.769 GC heap before
{Heap before GC invocations=25 (full 10):
 PSYoungGen      total 302080K, used 2779K [0x000000076b180000, 0x000000077e600000, 0x00000007c0000000)
  eden space 288256K, 0% used [0x000000076b180000,0x000000076b180000,0x000000077cb00000)
  from space 13824K, 20% used [0x000000077cb00000,0x000000077cdb6d70,0x000000077d880000)
  to   space 13824K, 0% used [0x000000077d880000,0x000000077d880000,0x000000077e600000)
 ParOldGen       total 163328K, used 25292K [0x00000006c1400000, 0x00000006cb380000, 0x000000076b180000)
  object space 163328K, 15% used [0x00000006c1400000,0x00000006c2cb3218,0x00000006cb380000)
 Metaspace       used 43215K, capacity 45880K, committed 45952K, reserved 1089536K
  class space    used 5367K, capacity 5970K, committed 6016K, reserved 1048576K
Event: 699.912 GC heap after
Heap after GC invocations=25 (full 10):
 PSYoungGen      total 302080K, used 0K [0x000000076b180000, 0x000000077e600000, 0x00000007c0000000)
  eden space 288256K, 0% used [0x000000076b180000,0x000000076b180000,0x000000077cb00000)
  from space 13824K, 0% used [0x000000077cb00000,0x000000077cb00000,0x000000077d880000)
  to   space 13824K, 0% used [0x000000077d880000,0x000000077d880000,0x000000077e600000)
 ParOldGen       total 163328K, used 17823K [0x00000006c1400000, 0x00000006cb380000, 0x000000076b180000)
  object space 163328K, 10% used [0x00000006c1400000,0x00000006c2567fd8,0x00000006cb380000)
 Metaspace       used 43205K, capacity 45856K, committed 45952K, reserved 1089536K
  class space    used 5365K, capacity 5962K, committed 6016K, reserved 1048576K
}

